1769105960.417895 client started (48965): version 3.6a, socket /private/tmp/tmux-501/default, protocol 8
1769105960.417934 on Darwin 25.2.0 Darwin Kernel Version 25.2.0: Tue Nov 18 21:09:40 PST 2025; root:xnu-12377.61.12~1/RELEASE_ARM64_T6000
1769105960.417941 using libevent 2.1.12-stable select
1769105960.417947 using utf8proc 2.11.2
1769105960.417953 using ncurses 6.5 20240427
1769105960.417965 flags are 0x10010000
1769105960.417972 socket is /private/tmp/tmux-501/default
1769105960.417981 trying connect
1769105960.418016 add peer 0x1013f2050: 6 (0x0)
1769105960.419463 sending message 111 to peer 0x1013f2050 (8 bytes)
1769105960.419474 sending message 111 to peer 0x1013f2050 (8 bytes)
1769105960.419480 sending message 101 to peer 0x1013f2050 (14 bytes)
1769105960.419486 sending message 109 to peer 0x1013f2050 (4 bytes)
1769105960.419491 sending message 102 to peer 0x1013f2050 (13 bytes)
1769105960.419497 sending message 108 to peer 0x1013f2050 (33 bytes)
1769105960.419503 sending message 112 to peer 0x1013f2050 (70 bytes)
1769105960.419515 sending message 112 to peer 0x1013f2050 (5 bytes)
1769105960.419521 sending message 112 to peer 0x1013f2050 (5 bytes)
1769105960.419526 sending message 112 to peer 0x1013f2050 (6 bytes)
1769105960.419531 sending message 112 to peer 0x1013f2050 (6 bytes)
1769105960.419536 sending message 112 to peer 0x1013f2050 (11 bytes)
1769105960.419541 sending message 112 to peer 0x1013f2050 (10 bytes)
1769105960.419546 sending message 112 to peer 0x1013f2050 (13 bytes)
1769105960.419551 sending message 112 to peer 0x1013f2050 (13 bytes)
1769105960.419556 sending message 112 to peer 0x1013f2050 (18 bytes)
1769105960.419564 sending message 112 to peer 0x1013f2050 (11 bytes)
1769105960.419569 sending message 112 to peer 0x1013f2050 (10 bytes)
1769105960.419574 sending message 112 to peer 0x1013f2050 (15 bytes)
1769105960.419579 sending message 112 to peer 0x1013f2050 (21 bytes)
1769105960.419584 sending message 112 to peer 0x1013f2050 (13 bytes)
1769105960.419589 sending message 112 to peer 0x1013f2050 (7 bytes)
1769105960.419594 sending message 112 to peer 0x1013f2050 (13 bytes)
1769105960.419599 sending message 112 to peer 0x1013f2050 (7 bytes)
1769105960.419604 sending message 112 to peer 0x1013f2050 (13 bytes)
1769105960.419612 sending message 112 to peer 0x1013f2050 (9 bytes)
1769105960.419617 sending message 112 to peer 0x1013f2050 (21 bytes)
1769105960.419622 sending message 112 to peer 0x1013f2050 (13 bytes)
1769105960.419627 sending message 112 to peer 0x1013f2050 (8 bytes)
1769105960.419632 sending message 112 to peer 0x1013f2050 (12 bytes)
1769105960.419637 sending message 112 to peer 0x1013f2050 (13 bytes)
1769105960.419642 sending message 112 to peer 0x1013f2050 (9 bytes)
1769105960.419649 sending message 112 to peer 0x1013f2050 (9 bytes)
1769105960.419654 sending message 112 to peer 0x1013f2050 (12 bytes)
1769105960.419659 sending message 112 to peer 0x1013f2050 (8 bytes)
1769105960.419664 sending message 112 to peer 0x1013f2050 (8 bytes)
1769105960.419669 sending message 112 to peer 0x1013f2050 (7 bytes)
1769105960.419674 sending message 112 to peer 0x1013f2050 (7 bytes)
1769105960.419678 sending message 112 to peer 0x1013f2050 (9 bytes)
1769105960.419683 sending message 112 to peer 0x1013f2050 (13 bytes)
1769105960.419688 sending message 112 to peer 0x1013f2050 (6 bytes)
1769105960.419693 sending message 112 to peer 0x1013f2050 (9 bytes)
1769105960.419698 sending message 112 to peer 0x1013f2050 (15 bytes)
1769105960.419703 sending message 112 to peer 0x1013f2050 (13 bytes)
1769105960.419707 sending message 112 to peer 0x1013f2050 (12 bytes)
1769105960.419712 sending message 112 to peer 0x1013f2050 (8 bytes)
1769105960.419717 sending message 112 to peer 0x1013f2050 (14 bytes)
1769105960.419722 sending message 112 to peer 0x1013f2050 (11 bytes)
1769105960.419727 sending message 112 to peer 0x1013f2050 (9 bytes)
1769105960.419732 sending message 112 to peer 0x1013f2050 (10 bytes)
1769105960.419736 sending message 112 to peer 0x1013f2050 (10 bytes)
1769105960.419741 sending message 112 to peer 0x1013f2050 (10 bytes)
1769105960.419753 sending message 112 to peer 0x1013f2050 (10 bytes)
1769105960.419757 sending message 112 to peer 0x1013f2050 (11 bytes)
1769105960.419761 sending message 112 to peer 0x1013f2050 (12 bytes)
1769105960.419765 sending message 112 to peer 0x1013f2050 (12 bytes)
1769105960.419769 sending message 112 to peer 0x1013f2050 (12 bytes)
1769105960.419773 sending message 112 to peer 0x1013f2050 (12 bytes)
1769105960.419777 sending message 112 to peer 0x1013f2050 (12 bytes)
1769105960.419780 sending message 112 to peer 0x1013f2050 (11 bytes)
1769105960.419784 sending message 112 to peer 0x1013f2050 (11 bytes)
1769105960.419788 sending message 112 to peer 0x1013f2050 (12 bytes)
1769105960.419792 sending message 112 to peer 0x1013f2050 (12 bytes)
1769105960.419796 sending message 112 to peer 0x1013f2050 (12 bytes)
1769105960.419800 sending message 112 to peer 0x1013f2050 (12 bytes)
1769105960.419804 sending message 112 to peer 0x1013f2050 (12 bytes)
1769105960.419808 sending message 112 to peer 0x1013f2050 (10 bytes)
1769105960.419812 sending message 112 to peer 0x1013f2050 (12 bytes)
1769105960.419815 sending message 112 to peer 0x1013f2050 (13 bytes)
1769105960.419819 sending message 112 to peer 0x1013f2050 (13 bytes)
1769105960.419823 sending message 112 to peer 0x1013f2050 (13 bytes)
1769105960.419827 sending message 112 to peer 0x1013f2050 (13 bytes)
1769105960.419831 sending message 112 to peer 0x1013f2050 (13 bytes)
1769105960.419835 sending message 112 to peer 0x1013f2050 (8 bytes)
1769105960.419839 sending message 112 to peer 0x1013f2050 (11 bytes)
1769105960.419843 sending message 112 to peer 0x1013f2050 (11 bytes)
1769105960.419847 sending message 112 to peer 0x1013f2050 (11 bytes)
1769105960.419851 sending message 112 to peer 0x1013f2050 (12 bytes)
1769105960.419855 sending message 112 to peer 0x1013f2050 (12 bytes)
1769105960.419858 sending message 112 to peer 0x1013f2050 (12 bytes)
1769105960.419862 sending message 112 to peer 0x1013f2050 (12 bytes)
1769105960.419866 sending message 112 to peer 0x1013f2050 (13 bytes)
1769105960.419870 sending message 112 to peer 0x1013f2050 (13 bytes)
1769105960.419874 sending message 112 to peer 0x1013f2050 (13 bytes)
1769105960.419878 sending message 112 to peer 0x1013f2050 (8 bytes)
1769105960.419882 sending message 112 to peer 0x1013f2050 (13 bytes)
1769105960.419885 sending message 112 to peer 0x1013f2050 (13 bytes)
1769105960.419889 sending message 112 to peer 0x1013f2050 (13 bytes)
1769105960.419893 sending message 112 to peer 0x1013f2050 (13 bytes)
1769105960.419897 sending message 112 to peer 0x1013f2050 (13 bytes)
1769105960.419901 sending message 112 to peer 0x1013f2050 (12 bytes)
1769105960.419905 sending message 112 to peer 0x1013f2050 (12 bytes)
1769105960.419908 sending message 112 to peer 0x1013f2050 (12 bytes)
1769105960.419912 sending message 112 to peer 0x1013f2050 (12 bytes)
1769105960.419916 sending message 112 to peer 0x1013f2050 (13 bytes)
1769105960.419920 sending message 112 to peer 0x1013f2050 (8 bytes)
1769105960.419924 sending message 112 to peer 0x1013f2050 (13 bytes)
1769105960.419928 sending message 112 to peer 0x1013f2050 (13 bytes)
1769105960.419931 sending message 112 to peer 0x1013f2050 (13 bytes)
1769105960.419935 sending message 112 to peer 0x1013f2050 (13 bytes)
1769105960.419939 sending message 112 to peer 0x1013f2050 (13 bytes)
1769105960.419943 sending message 112 to peer 0x1013f2050 (13 bytes)
1769105960.419947 sending message 112 to peer 0x1013f2050 (13 bytes)
1769105960.419951 sending message 112 to peer 0x1013f2050 (12 bytes)
1769105960.419954 sending message 112 to peer 0x1013f2050 (12 bytes)
1769105960.419958 sending message 112 to peer 0x1013f2050 (12 bytes)
1769105960.419962 sending message 112 to peer 0x1013f2050 (8 bytes)
1769105960.419966 sending message 112 to peer 0x1013f2050 (12 bytes)
1769105960.419970 sending message 112 to peer 0x1013f2050 (13 bytes)
1769105960.419974 sending message 112 to peer 0x1013f2050 (13 bytes)
1769105960.419978 sending message 112 to peer 0x1013f2050 (13 bytes)
1769105960.419990 sending message 112 to peer 0x1013f2050 (13 bytes)
1769105960.419994 sending message 112 to peer 0x1013f2050 (13 bytes)
1769105960.419998 sending message 112 to peer 0x1013f2050 (13 bytes)
1769105960.420001 sending message 112 to peer 0x1013f2050 (13 bytes)
1769105960.420005 sending message 112 to peer 0x1013f2050 (13 bytes)
1769105960.420009 sending message 112 to peer 0x1013f2050 (12 bytes)
1769105960.420013 sending message 112 to peer 0x1013f2050 (10 bytes)
1769105960.420017 sending message 112 to peer 0x1013f2050 (12 bytes)
1769105960.420021 sending message 112 to peer 0x1013f2050 (12 bytes)
1769105960.420025 sending message 112 to peer 0x1013f2050 (12 bytes)
1769105960.420029 sending message 112 to peer 0x1013f2050 (13 bytes)
1769105960.420032 sending message 112 to peer 0x1013f2050 (13 bytes)
1769105960.420036 sending message 112 to peer 0x1013f2050 (13 bytes)
1769105960.420040 sending message 112 to peer 0x1013f2050 (13 bytes)
1769105960.420044 sending message 112 to peer 0x1013f2050 (13 bytes)
1769105960.420048 sending message 112 to peer 0x1013f2050 (13 bytes)
1769105960.420052 sending message 112 to peer 0x1013f2050 (13 bytes)
1769105960.420056 sending message 112 to peer 0x1013f2050 (10 bytes)
1769105960.420060 sending message 112 to peer 0x1013f2050 (13 bytes)
1769105960.420064 sending message 112 to peer 0x1013f2050 (12 bytes)
1769105960.420067 sending message 112 to peer 0x1013f2050 (12 bytes)
1769105960.420071 sending message 112 to peer 0x1013f2050 (12 bytes)
1769105960.420075 sending message 112 to peer 0x1013f2050 (10 bytes)
1769105960.420079 sending message 112 to peer 0x1013f2050 (10 bytes)
1769105960.420083 sending message 112 to peer 0x1013f2050 (10 bytes)
1769105960.420087 sending message 112 to peer 0x1013f2050 (12 bytes)
1769105960.420091 sending message 112 to peer 0x1013f2050 (13 bytes)
1769105960.420094 sending message 112 to peer 0x1013f2050 (13 bytes)
1769105960.420098 sending message 112 to peer 0x1013f2050 (13 bytes)
1769105960.420102 sending message 112 to peer 0x1013f2050 (13 bytes)
1769105960.420106 sending message 112 to peer 0x1013f2050 (13 bytes)
1769105960.420110 sending message 112 to peer 0x1013f2050 (11 bytes)
1769105960.420114 sending message 112 to peer 0x1013f2050 (11 bytes)
1769105960.420117 sending message 112 to peer 0x1013f2050 (12 bytes)
1769105960.420121 sending message 112 to peer 0x1013f2050 (12 bytes)
1769105960.420125 sending message 112 to peer 0x1013f2050 (12 bytes)
1769105960.420129 sending message 112 to peer 0x1013f2050 (12 bytes)
1769105960.420133 sending message 112 to peer 0x1013f2050 (12 bytes)
1769105960.420137 sending message 112 to peer 0x1013f2050 (11 bytes)
1769105960.420141 sending message 112 to peer 0x1013f2050 (12 bytes)
1769105960.420144 sending message 112 to peer 0x1013f2050 (12 bytes)
1769105960.420148 sending message 112 to peer 0x1013f2050 (13 bytes)
1769105960.420152 sending message 112 to peer 0x1013f2050 (13 bytes)
1769105960.420156 sending message 112 to peer 0x1013f2050 (13 bytes)
1769105960.420160 sending message 112 to peer 0x1013f2050 (13 bytes)
1769105960.420164 sending message 112 to peer 0x1013f2050 (13 bytes)
1769105960.420167 sending message 112 to peer 0x1013f2050 (10 bytes)
1769105960.420171 sending message 112 to peer 0x1013f2050 (9 bytes)
1769105960.420175 sending message 112 to peer 0x1013f2050 (12 bytes)
1769105960.420179 sending message 112 to peer 0x1013f2050 (13 bytes)
1769105960.420183 sending message 112 to peer 0x1013f2050 (13 bytes)
1769105960.420187 sending message 112 to peer 0x1013f2050 (13 bytes)
1769105960.420191 sending message 112 to peer 0x1013f2050 (13 bytes)
1769105960.420195 sending message 112 to peer 0x1013f2050 (13 bytes)
1769105960.420198 sending message 112 to peer 0x1013f2050 (9 bytes)
1769105960.420202 sending message 112 to peer 0x1013f2050 (12 bytes)
1769105960.420206 sending message 112 to peer 0x1013f2050 (13 bytes)
1769105960.420210 sending message 112 to peer 0x1013f2050 (13 bytes)
1769105960.420214 sending message 112 to peer 0x1013f2050 (13 bytes)
1769105960.420218 sending message 112 to peer 0x1013f2050 (13 bytes)
1769105960.420226 sending message 112 to peer 0x1013f2050 (13 bytes)
1769105960.420229 sending message 112 to peer 0x1013f2050 (11 bytes)
1769105960.420233 sending message 112 to peer 0x1013f2050 (12 bytes)
1769105960.420237 sending message 112 to peer 0x1013f2050 (13 bytes)
1769105960.420241 sending message 112 to peer 0x1013f2050 (13 bytes)
1769105960.420245 sending message 112 to peer 0x1013f2050 (13 bytes)
1769105960.420249 sending message 112 to peer 0x1013f2050 (13 bytes)
1769105960.420253 sending message 112 to peer 0x1013f2050 (13 bytes)
1769105960.420257 sending message 112 to peer 0x1013f2050 (11 bytes)
1769105960.420261 sending message 112 to peer 0x1013f2050 (12 bytes)
1769105960.420265 sending message 112 to peer 0x1013f2050 (12 bytes)
1769105960.420269 sending message 112 to peer 0x1013f2050 (12 bytes)
1769105960.420273 sending message 112 to peer 0x1013f2050 (12 bytes)
1769105960.420277 sending message 112 to peer 0x1013f2050 (12 bytes)
1769105960.420281 sending message 112 to peer 0x1013f2050 (21 bytes)
1769105960.420286 sending message 112 to peer 0x1013f2050 (12 bytes)
1769105960.420290 sending message 112 to peer 0x1013f2050 (9 bytes)
1769105960.420294 sending message 112 to peer 0x1013f2050 (6 bytes)
1769105960.420297 sending message 112 to peer 0x1013f2050 (13 bytes)
1769105960.420301 sending message 112 to peer 0x1013f2050 (8 bytes)
1769105960.420305 sending message 112 to peer 0x1013f2050 (15 bytes)
1769105960.420309 sending message 112 to peer 0x1013f2050 (13 bytes)
1769105960.420313 sending message 112 to peer 0x1013f2050 (9 bytes)
1769105960.420317 sending message 112 to peer 0x1013f2050 (70 bytes)
1769105960.420322 sending message 112 to peer 0x1013f2050 (69 bytes)
1769105960.420325 sending message 112 to peer 0x1013f2050 (10 bytes)
1769105960.420329 sending message 112 to peer 0x1013f2050 (10 bytes)
1769105960.420333 sending message 112 to peer 0x1013f2050 (8 bytes)
1769105960.420337 sending message 112 to peer 0x1013f2050 (15 bytes)
1769105960.420341 sending message 112 to peer 0x1013f2050 (13 bytes)
1769105960.420345 sending message 112 to peer 0x1013f2050 (10 bytes)
1769105960.420349 sending message 112 to peer 0x1013f2050 (10 bytes)
1769105960.420353 sending message 112 to peer 0x1013f2050 (17 bytes)
1769105960.420357 sending message 112 to peer 0x1013f2050 (10 bytes)
1769105960.420361 sending message 112 to peer 0x1013f2050 (13 bytes)
1769105960.420365 sending message 112 to peer 0x1013f2050 (9 bytes)
1769105960.420369 sending message 112 to peer 0x1013f2050 (5 bytes)
1769105960.420373 sending message 112 to peer 0x1013f2050 (15 bytes)
1769105960.420378 sending message 104 to peer 0x1013f2050 (0 bytes)
1769105960.420383 sending message 110 to peer 0x1013f2050 (0 bytes)
1769105960.420387 sending message 107 to peer 0x1013f2050 (4 bytes)
1769105960.420391 sending message 105 to peer 0x1013f2050 (27 bytes)
1769105960.420395 sending message 105 to peer 0x1013f2050 (28 bytes)
1769105960.420399 sending message 105 to peer 0x1013f2050 (20 bytes)
1769105960.420403 sending message 105 to peer 0x1013f2050 (22 bytes)
1769105960.420407 sending message 105 to peer 0x1013f2050 (57 bytes)
1769105960.420414 sending message 105 to peer 0x1013f2050 (75 bytes)
1769105960.420418 sending message 105 to peer 0x1013f2050 (41 bytes)
1769105960.420421 sending message 105 to peer 0x1013f2050 (86 bytes)
1769105960.420425 sending message 105 to peer 0x1013f2050 (86 bytes)
1769105960.420429 sending message 105 to peer 0x1013f2050 (86 bytes)
1769105960.420433 sending message 105 to peer 0x1013f2050 (16 bytes)
1769105960.420437 sending message 105 to peer 0x1013f2050 (37 bytes)
1769105960.420441 sending message 105 to peer 0x1013f2050 (30 bytes)
1769105960.420445 sending message 105 to peer 0x1013f2050 (34 bytes)
1769105960.420449 sending message 105 to peer 0x1013f2050 (85 bytes)
1769105960.420453 sending message 105 to peer 0x1013f2050 (17 bytes)
1769105960.420457 sending message 105 to peer 0x1013f2050 (12 bytes)
1769105960.420461 sending message 105 to peer 0x1013f2050 (106 bytes)
1769105960.420471 sending message 105 to peer 0x1013f2050 (67 bytes)
1769105960.420476 sending message 105 to peer 0x1013f2050 (76 bytes)
1769105960.420480 sending message 105 to peer 0x1013f2050 (24 bytes)
1769105960.420484 sending message 105 to peer 0x1013f2050 (48 bytes)
1769105960.420488 sending message 105 to peer 0x1013f2050 (18 bytes)
1769105960.420492 sending message 105 to peer 0x1013f2050 (12 bytes)
1769105960.420496 sending message 105 to peer 0x1013f2050 (732 bytes)
1769105960.420500 sending message 105 to peer 0x1013f2050 (16 bytes)
1769105960.420504 sending message 105 to peer 0x1013f2050 (37 bytes)
1769105960.420508 sending message 105 to peer 0x1013f2050 (15 bytes)
1769105960.420512 sending message 105 to peer 0x1013f2050 (8 bytes)
1769105960.420516 sending message 105 to peer 0x1013f2050 (66 bytes)
1769105960.420519 sending message 105 to peer 0x1013f2050 (19 bytes)
1769105960.420523 sending message 105 to peer 0x1013f2050 (63 bytes)
1769105960.420527 sending message 105 to peer 0x1013f2050 (18 bytes)
1769105960.420531 sending message 105 to peer 0x1013f2050 (26 bytes)
1769105960.420535 sending message 105 to peer 0x1013f2050 (57 bytes)
1769105960.420539 sending message 105 to peer 0x1013f2050 (43 bytes)
1769105960.420543 sending message 105 to peer 0x1013f2050 (13 bytes)
1769105960.420547 sending message 105 to peer 0x1013f2050 (9 bytes)
1769105960.420551 sending message 105 to peer 0x1013f2050 (164 bytes)
1769105960.420558 sending message 105 to peer 0x1013f2050 (14 bytes)
1769105960.420562 sending message 105 to peer 0x1013f2050 (19 bytes)
1769105960.420566 sending message 105 to peer 0x1013f2050 (43 bytes)
1769105960.420570 sending message 105 to peer 0x1013f2050 (38 bytes)
1769105960.420574 sending message 105 to peer 0x1013f2050 (26 bytes)
1769105960.420577 sending message 105 to peer 0x1013f2050 (22 bytes)
1769105960.420581 sending message 105 to peer 0x1013f2050 (43 bytes)
1769105960.420585 sending message 105 to peer 0x1013f2050 (32 bytes)
1769105960.420589 sending message 105 to peer 0x1013f2050 (28 bytes)
1769105960.420593 sending message 105 to peer 0x1013f2050 (115 bytes)
1769105960.420600 sending message 105 to peer 0x1013f2050 (70 bytes)
1769105960.420604 sending message 105 to peer 0x1013f2050 (21 bytes)
1769105960.420608 sending message 105 to peer 0x1013f2050 (10 bytes)
1769105960.420612 sending message 105 to peer 0x1013f2050 (35 bytes)
1769105960.420616 sending message 106 to peer 0x1013f2050 (0 bytes)
1769105960.420686 sending message 200 to peer 0x1013f2050 (4 bytes)
1769105960.420691 client loop enter
1769105960.420912 peer 0x1013f2050 message 303
1769105960.420939 open write file 2 -
1769105960.420960 sending message 305 to peer 0x1013f2050 (8 bytes)
1769105960.420975 write check file 2
1769105960.421022 peer 0x1013f2050 message 304
1769105960.421036 write 58 to file 2
1769105960.421046 peer 0x1013f2050 message 203
1769105960.421051 file 2 58 bytes left
1769105960.421065 write check file 2
1769105960.421070 client loop exit
