1725370450.959286 client started (32324): version 3.4, socket /private/tmp/tmux-501/default, protocol 8
1725370450.959389 on Darwin 23.6.0 Darwin Kernel Version 23.6.0: Mon Jul 29 21:14:30 PDT 2024; root:xnu-10063.141.2~1/RELEASE_ARM64_T6000
1725370450.959409 using libevent 2.1.12-stable select
1725370450.959446 using utf8proc 2.9.0
1725370450.959454 using ncurses 6.4 20221231
1725370450.959481 flags are 0x10010000
1725370450.959489 socket is /private/tmp/tmux-501/default
1725370450.959507 trying connect
1725370450.959583 add peer 0x108008000: 6 (0x0)
1725370450.962350 sending message 100 to peer 0x108008000 (4 bytes)
1725370450.962383 sending message 111 to peer 0x108008000 (8 bytes)
1725370450.962391 sending message 101 to peer 0x108008000 (14 bytes)
1725370450.962398 sending message 109 to peer 0x108008000 (4 bytes)
1725370450.962404 sending message 102 to peer 0x108008000 (13 bytes)
1725370450.962410 sending message 108 to peer 0x108008000 (30 bytes)
1725370450.962416 sending message 112 to peer 0x108008000 (70 bytes)
1725370450.962422 sending message 112 to peer 0x108008000 (5 bytes)
1725370450.962428 sending message 112 to peer 0x108008000 (5 bytes)
1725370450.962434 sending message 112 to peer 0x108008000 (6 bytes)
1725370450.962440 sending message 112 to peer 0x108008000 (6 bytes)
1725370450.962445 sending message 112 to peer 0x108008000 (11 bytes)
1725370450.962451 sending message 112 to peer 0x108008000 (10 bytes)
1725370450.962456 sending message 112 to peer 0x108008000 (13 bytes)
1725370450.962462 sending message 112 to peer 0x108008000 (13 bytes)
1725370450.962467 sending message 112 to peer 0x108008000 (18 bytes)
1725370450.962473 sending message 112 to peer 0x108008000 (11 bytes)
1725370450.962478 sending message 112 to peer 0x108008000 (10 bytes)
1725370450.962484 sending message 112 to peer 0x108008000 (15 bytes)
1725370450.962495 sending message 112 to peer 0x108008000 (21 bytes)
1725370450.962501 sending message 112 to peer 0x108008000 (13 bytes)
1725370450.962507 sending message 112 to peer 0x108008000 (7 bytes)
1725370450.962512 sending message 112 to peer 0x108008000 (13 bytes)
1725370450.962518 sending message 112 to peer 0x108008000 (7 bytes)
1725370450.962524 sending message 112 to peer 0x108008000 (13 bytes)
1725370450.962529 sending message 112 to peer 0x108008000 (9 bytes)
1725370450.962535 sending message 112 to peer 0x108008000 (21 bytes)
1725370450.962540 sending message 112 to peer 0x108008000 (13 bytes)
1725370450.962546 sending message 112 to peer 0x108008000 (8 bytes)
1725370450.962551 sending message 112 to peer 0x108008000 (12 bytes)
1725370450.962557 sending message 112 to peer 0x108008000 (13 bytes)
1725370450.962562 sending message 112 to peer 0x108008000 (9 bytes)
1725370450.962568 sending message 112 to peer 0x108008000 (9 bytes)
1725370450.962573 sending message 112 to peer 0x108008000 (12 bytes)
1725370450.962578 sending message 112 to peer 0x108008000 (8 bytes)
1725370450.962584 sending message 112 to peer 0x108008000 (7 bytes)
1725370450.962589 sending message 112 to peer 0x108008000 (7 bytes)
1725370450.962595 sending message 112 to peer 0x108008000 (9 bytes)
1725370450.962600 sending message 112 to peer 0x108008000 (13 bytes)
1725370450.962606 sending message 112 to peer 0x108008000 (6 bytes)
1725370450.962611 sending message 112 to peer 0x108008000 (9 bytes)
1725370450.962617 sending message 112 to peer 0x108008000 (13 bytes)
1725370450.962622 sending message 112 to peer 0x108008000 (12 bytes)
1725370450.962628 sending message 112 to peer 0x108008000 (8 bytes)
1725370450.962633 sending message 112 to peer 0x108008000 (9 bytes)
1725370450.962638 sending message 112 to peer 0x108008000 (10 bytes)
1725370450.962644 sending message 112 to peer 0x108008000 (10 bytes)
1725370450.962649 sending message 112 to peer 0x108008000 (10 bytes)
1725370450.962655 sending message 112 to peer 0x108008000 (10 bytes)
1725370450.962660 sending message 112 to peer 0x108008000 (11 bytes)
1725370450.962666 sending message 112 to peer 0x108008000 (10 bytes)
1725370450.962671 sending message 112 to peer 0x108008000 (8 bytes)
1725370450.962696 sending message 112 to peer 0x108008000 (11 bytes)
1725370450.962700 sending message 112 to peer 0x108008000 (11 bytes)
1725370450.962703 sending message 112 to peer 0x108008000 (11 bytes)
1725370450.962707 sending message 112 to peer 0x108008000 (8 bytes)
1725370450.962711 sending message 112 to peer 0x108008000 (8 bytes)
1725370450.962715 sending message 112 to peer 0x108008000 (8 bytes)
1725370450.962719 sending message 112 to peer 0x108008000 (10 bytes)
1725370450.962722 sending message 112 to peer 0x108008000 (10 bytes)
1725370450.962726 sending message 112 to peer 0x108008000 (10 bytes)
1725370450.962730 sending message 112 to peer 0x108008000 (10 bytes)
1725370450.962734 sending message 112 to peer 0x108008000 (10 bytes)
1725370450.962738 sending message 112 to peer 0x108008000 (11 bytes)
1725370450.962742 sending message 112 to peer 0x108008000 (11 bytes)
1725370450.962746 sending message 112 to peer 0x108008000 (10 bytes)
1725370450.962749 sending message 112 to peer 0x108008000 (9 bytes)
1725370450.962753 sending message 112 to peer 0x108008000 (9 bytes)
1725370450.962757 sending message 112 to peer 0x108008000 (12 bytes)
1725370450.962761 sending message 112 to peer 0x108008000 (9 bytes)
1725370450.962765 sending message 112 to peer 0x108008000 (6 bytes)
1725370450.962769 sending message 112 to peer 0x108008000 (8 bytes)
1725370450.962773 sending message 112 to peer 0x108008000 (15 bytes)
1725370450.962777 sending message 112 to peer 0x108008000 (13 bytes)
1725370450.962781 sending message 112 to peer 0x108008000 (9 bytes)
1725370450.962784 sending message 112 to peer 0x108008000 (70 bytes)
1725370450.962788 sending message 112 to peer 0x108008000 (69 bytes)
1725370450.962792 sending message 112 to peer 0x108008000 (10 bytes)
1725370450.962795 sending message 112 to peer 0x108008000 (10 bytes)
1725370450.962799 sending message 112 to peer 0x108008000 (8 bytes)
1725370450.962803 sending message 112 to peer 0x108008000 (15 bytes)
1725370450.962806 sending message 112 to peer 0x108008000 (13 bytes)
1725370450.962810 sending message 112 to peer 0x108008000 (10 bytes)
1725370450.962814 sending message 112 to peer 0x108008000 (10 bytes)
1725370450.962818 sending message 112 to peer 0x108008000 (13 bytes)
1725370450.962822 sending message 112 to peer 0x108008000 (9 bytes)
1725370450.962826 sending message 112 to peer 0x108008000 (5 bytes)
1725370450.962832 sending message 112 to peer 0x108008000 (5 bytes)
1725370450.962838 sending message 104 to peer 0x108008000 (0 bytes)
1725370450.962843 sending message 110 to peer 0x108008000 (0 bytes)
1725370450.962849 sending message 107 to peer 0x108008000 (4 bytes)
1725370450.962853 sending message 105 to peer 0x108008000 (27 bytes)
1725370450.962857 sending message 105 to peer 0x108008000 (15 bytes)
1725370450.962861 sending message 105 to peer 0x108008000 (20 bytes)
1725370450.962866 sending message 105 to peer 0x108008000 (22 bytes)
1725370450.962870 sending message 105 to peer 0x108008000 (27 bytes)
1725370450.962875 sending message 105 to peer 0x108008000 (23 bytes)
1725370450.962880 sending message 105 to peer 0x108008000 (17 bytes)
1725370450.962886 sending message 105 to peer 0x108008000 (22 bytes)
1725370450.962893 sending message 105 to peer 0x108008000 (109 bytes)
1725370450.962899 sending message 105 to peer 0x108008000 (16 bytes)
1725370450.962905 sending message 105 to peer 0x108008000 (18 bytes)
1725370450.962910 sending message 105 to peer 0x108008000 (37 bytes)
1725370450.962915 sending message 105 to peer 0x108008000 (30 bytes)
1725370450.962918 sending message 105 to peer 0x108008000 (34 bytes)
1725370450.962922 sending message 105 to peer 0x108008000 (110 bytes)
1725370450.962926 sending message 105 to peer 0x108008000 (21 bytes)
1725370450.962930 sending message 105 to peer 0x108008000 (61 bytes)
1725370450.962933 sending message 105 to peer 0x108008000 (17 bytes)
1725370450.962937 sending message 105 to peer 0x108008000 (19 bytes)
1725370450.962941 sending message 105 to peer 0x108008000 (26 bytes)
1725370450.962944 sending message 105 to peer 0x108008000 (14 bytes)
1725370450.962958 sending message 105 to peer 0x108008000 (54 bytes)
1725370450.962962 sending message 105 to peer 0x108008000 (69 bytes)
1725370450.962966 sending message 105 to peer 0x108008000 (76 bytes)
1725370450.962969 sending message 105 to peer 0x108008000 (53 bytes)
1725370450.962973 sending message 105 to peer 0x108008000 (16 bytes)
1725370450.962977 sending message 105 to peer 0x108008000 (26 bytes)
1725370450.962981 sending message 105 to peer 0x108008000 (62 bytes)
1725370450.962984 sending message 105 to peer 0x108008000 (29 bytes)
1725370450.962988 sending message 105 to peer 0x108008000 (23 bytes)
1725370450.962992 sending message 105 to peer 0x108008000 (12 bytes)
1725370450.962995 sending message 105 to peer 0x108008000 (777 bytes)
1725370450.962999 sending message 105 to peer 0x108008000 (16 bytes)
1725370450.963003 sending message 105 to peer 0x108008000 (34 bytes)
1725370450.963007 sending message 105 to peer 0x108008000 (24 bytes)
1725370450.963010 sending message 105 to peer 0x108008000 (15 bytes)
1725370450.963014 sending message 105 to peer 0x108008000 (8 bytes)
1725370450.963018 sending message 105 to peer 0x108008000 (66 bytes)
1725370450.963022 sending message 105 to peer 0x108008000 (19 bytes)
1725370450.963025 sending message 105 to peer 0x108008000 (86 bytes)
1725370450.963029 sending message 105 to peer 0x108008000 (42 bytes)
1725370450.963033 sending message 105 to peer 0x108008000 (18 bytes)
1725370450.963036 sending message 105 to peer 0x108008000 (25 bytes)
1725370450.963040 sending message 105 to peer 0x108008000 (60 bytes)
1725370450.963044 sending message 105 to peer 0x108008000 (57 bytes)
1725370450.963047 sending message 105 to peer 0x108008000 (43 bytes)
1725370450.963051 sending message 105 to peer 0x108008000 (14 bytes)
1725370450.963055 sending message 105 to peer 0x108008000 (60 bytes)
1725370450.963058 sending message 105 to peer 0x108008000 (11 bytes)
1725370450.963062 sending message 105 to peer 0x108008000 (178 bytes)
1725370450.963066 sending message 105 to peer 0x108008000 (14 bytes)
1725370450.963069 sending message 105 to peer 0x108008000 (19 bytes)
1725370450.963073 sending message 105 to peer 0x108008000 (21 bytes)
1725370450.963077 sending message 105 to peer 0x108008000 (45 bytes)
1725370450.963080 sending message 105 to peer 0x108008000 (40 bytes)
1725370450.963084 sending message 105 to peer 0x108008000 (26 bytes)
1725370450.963088 sending message 105 to peer 0x108008000 (22 bytes)
1725370450.963092 sending message 105 to peer 0x108008000 (43 bytes)
1725370450.963095 sending message 105 to peer 0x108008000 (32 bytes)
1725370450.963099 sending message 105 to peer 0x108008000 (115 bytes)
1725370450.963103 sending message 105 to peer 0x108008000 (17 bytes)
1725370450.963106 sending message 105 to peer 0x108008000 (10 bytes)
1725370450.963110 sending message 105 to peer 0x108008000 (37 bytes)
1725370450.963114 sending message 106 to peer 0x108008000 (0 bytes)
1725370450.963192 sending message 200 to peer 0x108008000 (4 bytes)
1725370450.963199 client loop enter
1725370450.963747 peer 0x108008000 message 303
1725370450.963765 open write file 2 -
1725370450.963808 sending message 305 to peer 0x108008000 (8 bytes)
1725370450.963834 write check file 2
1725370450.963900 peer 0x108008000 message 304
1725370450.963917 write 58 to file 2
1725370450.963925 peer 0x108008000 message 203
1725370450.963930 file 2 58 bytes left
1725370450.963947 write check file 2
1725370450.963952 client loop exit
